<?xml version="1.0" encoding="UTF-8"?>
<testng-results ignored="0" total="1" passed="1" failed="0" skipped="0">
  <reporter-output>
  </reporter-output>
  <suite started-at="2022-03-23T12:33:33 IST" name="Default suite" finished-at="2022-03-23T12:33:33 IST" duration-ms="104">
    <groups>
    </groups>
    <test started-at="2022-03-23T12:33:33 IST" name="Default test" finished-at="2022-03-23T12:33:33 IST" duration-ms="104">
      <class name="com.crm.vtiger.CmdValueTest">
        <test-method signature="value()[pri:0, instance:com.crm.vtiger.CmdValueTest@76f2bbc1]" started-at="2022-03-23T12:33:33 IST" name="value" finished-at="2022-03-23T12:33:33 IST" duration-ms="14" status="PASS">
          <reporter-output>
          </reporter-output>
        </test-method> <!-- value -->
      </class> <!-- com.crm.vtiger.CmdValueTest -->
    </test> <!-- Default test -->
  </suite> <!-- Default suite -->
</testng-results>
